Jun 07 14:45 : exception: Failed to open '/home/me/.config/mpd/mpdstate': No such file or directory
Jun 07 14:45 : ffmpeg/mov,mp4,m4a,3gp,3g2,mj2: stream 0, timescale not set
Jun 07 14:45 : update: added /Morning Glory - Boyce Avenue.m4a
Jun 07 14:45 : ffmpeg/mov,mp4,m4a,3gp,3g2,mj2: stream 0, timescale not set
Jun 07 14:45 : update: added /Señorita - Boyce Avenue.m4a
Jun 07 14:45 : update: added /Namo_Namo.mp3
Jun 07 14:45 : ffmpeg/mov,mp4,m4a,3gp,3g2,mj2: stream 0, timescale not set
Jun 07 14:45 : update: added /Perfect - One Direction.m4a
Jun 07 14:45 : ffmpeg/mov,mp4,m4a,3gp,3g2,mj2: stream 0, timescale not set
Jun 07 14:45 : update: added /Call of Duty - Zonaj.m4a
Jun 07 14:45 : ffmpeg/mov,mp4,m4a,3gp,3g2,mj2: stream 0, timescale not set
Jun 07 14:45 : update: added /Double D - Debris, Dazers.m4a
Jun 07 14:45 : ffmpeg/mov,mp4,m4a,3gp,3g2,mj2: stream 0, timescale not set
Jun 07 14:45 : update: added /Something Just Like This - The Chainsmokers, Coldplay.m4a
Jun 07 14:45 : ffmpeg/mov,mp4,m4a,3gp,3g2,mj2: stream 0, timescale not set
Jun 07 14:45 : update: added /Halo - Beyoncé.m4a
Jun 07 14:45 : ffmpeg/mov,mp4,m4a,3gp,3g2,mj2: stream 0, timescale not set
Jun 07 14:45 : update: added /Life Goes On (feat Ty Dolla $ign) - Oliver Tree.m4a
Jun 07 14:45 : update: added /The reason why_ 告白之夜_Ayasa.m4a
Jun 07 14:45 : update: added /Bottom_Of_The_Deep_Blue_Sea.mp3
Jun 07 14:45 : update: added /Black_Wave.mp3
Jun 07 14:45 : update: added /Chahun_Main_Ya_Naa.mp3
Jun 07 14:45 : ffmpeg/mov,mp4,m4a,3gp,3g2,mj2: stream 0, timescale not set
Jun 07 14:45 : update: added /Emiway-Samajh Mein Aaya Kya? - Emiway Bantai.m4a
Jun 07 14:45 : ffmpeg/mov,mp4,m4a,3gp,3g2,mj2: stream 0, timescale not set
Jun 07 14:45 : update: added /Bol Na Halke Halke - Shankar-Ehsaan-Loy, Mahalakshmi Iyer, Rahat Fateh Ali Khan, Gulzar.m4a
Jun 07 14:45 : ffmpeg/mov,mp4,m4a,3gp,3g2,mj2: stream 0, timescale not set
Jun 07 14:45 : update: added /Beh Chala - Yasser Desai, Shashwat Sachdev.m4a
Jun 07 14:45 : update: added /Dilbara.mp3
Jun 07 14:45 : update: added /Baby_One_More_Time.mp3
Jun 07 14:45 : ffmpeg/mov,mp4,m4a,3gp,3g2,mj2: stream 0, timescale not set
Jun 07 14:45 : update: added /Saved Me Now - Matthew Blake.m4a
Jun 07 14:45 : ffmpeg/mov,mp4,m4a,3gp,3g2,mj2: stream 0, timescale not set
Jun 07 14:45 : update: added /I Feel Like I'm Drowning - Two Feet.m4a
Jun 07 14:45 : update: added /Woh_Din.mp3
Jun 07 14:45 : ffmpeg/mov,mp4,m4a,3gp,3g2,mj2: stream 0, timescale not set
Jun 07 14:45 : update: added /Malika - Marshmallow.m4a
Jun 07 14:45 : ffmpeg/mov,mp4,m4a,3gp,3g2,mj2: stream 0, timescale not set
Jun 07 14:45 : update: added /Closer - The Chainsmokers.m4a
Jun 07 14:45 : ffmpeg/mov,mp4,m4a,3gp,3g2,mj2: stream 0, timescale not set
Jun 07 14:45 : update: added /Alone - Alan Walker.m4a
Jun 07 14:45 : ffmpeg/mov,mp4,m4a,3gp,3g2,mj2: stream 0, timescale not set
Jun 07 14:45 : update: added /A Sky Full of Stars - Coldplay.m4a
Jun 07 14:45 : ffmpeg/mov,mp4,m4a,3gp,3g2,mj2: stream 0, timescale not set
Jun 07 14:45 : update: added /New Rules - Dua Lipa.m4a
Jun 07 14:45 : ffmpeg/mov,mp4,m4a,3gp,3g2,mj2: stream 0, timescale not set
Jun 07 14:45 : update: added /Home - Jordan Schor, Harley Bird.m4a
Jun 07 14:45 : ffmpeg/mov,mp4,m4a,3gp,3g2,mj2: stream 0, timescale not set
Jun 07 14:45 : update: added /Main Rahoon Ya Na Rahoon - Armaan Malik.m4a
Jun 07 14:45 : ffmpeg/mov,mp4,m4a,3gp,3g2,mj2: stream 0, timescale not set
Jun 07 14:45 : update: added /Demons - Imagine Dragons.m4a
Jun 07 14:45 : update: added /Qaafirana.mp3
Jun 07 14:45 : ffmpeg/mov,mp4,m4a,3gp,3g2,mj2: stream 0, timescale not set
Jun 07 14:45 : update: added /Night Rider's Theme - The Hasselhoff Experiement.m4a
Jun 07 14:45 : ffmpeg/mov,mp4,m4a,3gp,3g2,mj2: stream 0, timescale not set
Jun 07 14:45 : update: added /Tere Bina Zindagi Se - Lata Mangeshkar, Kishore Kumar.m4a
Jun 07 14:45 : update: added /Howling.mp3
Jun 07 14:45 : ffmpeg/mov,mp4,m4a,3gp,3g2,mj2: Format mov,mp4,m4a,3gp,3g2,mj2 detected only with low score of 1, misdetection possible!
Jun 07 14:45 : ffmpeg/mov,mp4,m4a,3gp,3g2,mj2: moov atom not found
Jun 07 14:45 : update: added /Freefalling.mp3
Jun 07 14:45 : update: added /Mere_Khayalon_Ki_Malika.mp3
Jun 07 14:45 : update: added /The_Hills.mp3
Jun 07 14:45 : ffmpeg/mov,mp4,m4a,3gp,3g2,mj2: stream 0, timescale not set
Jun 07 14:45 : update: added /The Cuppycake Song - Princess Mia.m4a
Jun 07 14:45 : ffmpeg/mov,mp4,m4a,3gp,3g2,mj2: stream 0, timescale not set
Jun 07 14:45 : update: added /The Truth Untold - Piano Peace.m4a
Jun 07 14:45 : ffmpeg/mov,mp4,m4a,3gp,3g2,mj2: stream 0, timescale not set
Jun 07 14:45 : update: added /Faded - Alan Walker.m4a
Jun 07 14:45 : ffmpeg/mov,mp4,m4a,3gp,3g2,mj2: stream 0, timescale not set
Jun 07 14:45 : update: added /Ludo - Tony Kakkar.m4a
Jun 07 14:45 : update: added /Hot_Blood.mp3
Jun 07 14:45 : ffmpeg/mov,mp4,m4a,3gp,3g2,mj2: stream 0, timescale not set
Jun 07 14:45 : update: added /Jackets (feat. Kidd Mange, 2jaym & Elttwo) - Goa Trap Culture & Tsumyoki.m4a
Jun 07 14:45 : ffmpeg/mov,mp4,m4a,3gp,3g2,mj2: stream 0, timescale not set
Jun 07 14:45 : update: added /Bad Liar - Imagine Dragons.m4a
Jun 07 14:45 : update: added /Ricky Desktop - The Chicken Wing Beat.mp3
Jun 07 14:45 : update: added /Ghanan_Ghanan.mp3
Jun 07 14:45 : ffmpeg/mov,mp4,m4a,3gp,3g2,mj2: stream 0, timescale not set
Jun 07 14:45 : update: added /Only Us - RedMoon.m4a
Jun 07 14:45 : ffmpeg/mov,mp4,m4a,3gp,3g2,mj2: stream 0, timescale not set
Jun 07 14:45 : update: added /'Till I Collapse - Eminem.m4a
Jun 07 14:45 : update: added /Code Monkey - Jonathan Coulton (FLAC).flac
Jun 07 14:45 : ffmpeg/mov,mp4,m4a,3gp,3g2,mj2: stream 0, timescale not set
Jun 07 14:45 : update: added /Nikle Currant - Jassie Gill, Neha Kakkar, Sukh-E Muzical Doctorz.m4a
Jun 07 14:45 : ffmpeg/mov,mp4,m4a,3gp,3g2,mj2: stream 0, timescale not set
Jun 07 14:45 : update: added /Follow You - Imagine Dragons.m4a
Jun 07 14:45 : ffmpeg/mov,mp4,m4a,3gp,3g2,mj2: stream 0, timescale not set
Jun 07 14:45 : update: added /IDK You Yet - Alexander 23.m4a
Jun 07 14:45 : ffmpeg/mov,mp4,m4a,3gp,3g2,mj2: stream 0, timescale not set
Jun 07 14:45 : update: added /Song for Zula - Phosphorescent.m4a
Jun 07 14:45 : ffmpeg/mov,mp4,m4a,3gp,3g2,mj2: stream 0, timescale not set
Jun 07 14:45 : update: added /Manohari - Divya Kumar, Neeti Mohan.m4a
Jun 07 14:45 : ffmpeg/mov,mp4,m4a,3gp,3g2,mj2: stream 0, timescale not set
Jun 07 14:45 : update: added /Subha Ho Gayi Mamu - Shaan.m4a
Jun 07 14:45 : ffmpeg/mov,mp4,m4a,3gp,3g2,mj2: stream 0, timescale not set
Jun 07 14:45 : update: added /Enna Sona - A.R. Rahman, Arijit Singh.m4a
Jun 07 14:45 : update: added /Aal_Izz_Well.mp3
Jun 07 14:45 : ffmpeg/mov,mp4,m4a,3gp,3g2,mj2: stream 0, timescale not set
Jun 07 14:45 : update: added /Beautiful Liar - Beyoncé, Shakira.m4a
Jun 07 14:45 : ffmpeg/mov,mp4,m4a,3gp,3g2,mj2: stream 0, timescale not set
Jun 07 14:45 : update: added /How You Like That - BLACKPINK.m4a
Jun 07 14:45 : update: added /7_Years.mp3
Jun 07 14:45 : ffmpeg/mov,mp4,m4a,3gp,3g2,mj2: stream 0, timescale not set
Jun 07 14:45 : update: added /Heartless - The Weeknd.m4a
Jun 07 14:45 : ffmpeg/mov,mp4,m4a,3gp,3g2,mj2: stream 0, timescale not set
Jun 07 14:45 : update: added /Itni Si Baat Hain - Pritam, Arijit Singh, Antara Mitra.m4a
Jun 07 14:45 : ffmpeg/mov,mp4,m4a,3gp,3g2,mj2: stream 0, timescale not set
Jun 07 14:45 : update: added /Beggin' - Måneskin.m4a
Jun 07 14:45 : ffmpeg/mov,mp4,m4a,3gp,3g2,mj2: stream 0, timescale not set
Jun 07 14:45 : update: added /We're Invincible - CØDE, Joseph Feinstein.m4a
Jun 07 14:45 : ffmpeg/mov,mp4,m4a,3gp,3g2,mj2: stream 0, timescale not set
Jun 07 14:45 : update: added /Chat Deni Maar Deli - Manoj Tiwari Mridul.m4a
Jun 07 14:45 : update: added /Bekhayali_From_Kabir_Singh.mp3
Jun 07 14:45 : ffmpeg/mov,mp4,m4a,3gp,3g2,mj2: stream 0, timescale not set
Jun 07 14:45 : update: added /Let Go - Dropouts.m4a
Jun 07 14:45 : update: added /Mein.mp3
Jun 07 14:45 : ffmpeg/mov,mp4,m4a,3gp,3g2,mj2: stream 0, timescale not set
Jun 07 14:45 : update: added /In the Name of Love - Martin Garrix, Bebe Rexha.m4a
Jun 07 14:45 : ffmpeg/mov,mp4,m4a,3gp,3g2,mj2: stream 0, timescale not set
Jun 07 14:45 : update: added / Soundtrack Version) - Kishore Kumar.m4a
Jun 07 14:45 : ffmpeg/mov,mp4,m4a,3gp,3g2,mj2: stream 0, timescale not set
Jun 07 14:45 : update: added /Its Been a Long Day Without You My Friend - Mike Da Mellow.m4a
Jun 07 14:45 : ffmpeg/mov,mp4,m4a,3gp,3g2,mj2: stream 0, timescale not set
Jun 07 14:45 : update: added /It's My Life - Sandaru Sathsara.m4a
Jun 07 14:45 : ffmpeg/mov,mp4,m4a,3gp,3g2,mj2: stream 0, timescale not set
Jun 07 14:45 : update: added /Challa (Main Lad Jaana) - Romy, Vivek Hariharan, Shashwat Sachdev.m4a
Jun 07 14:45 : ffmpeg/mov,mp4,m4a,3gp,3g2,mj2: stream 0, timescale not set
Jun 07 14:45 : update: added /Levitating - Dua Lipa.m4a
Jun 07 14:45 : update: added /Believer.mp3
Jun 07 14:45 : update: added /Khalibali.mp3
Jun 07 14:45 : update: added /Pixie_Dust.mp3
Jun 07 14:45 : update: added /Hymn_for_the_Weekend.mp3
Jun 07 14:45 : update: added /Invisible.mp3
Jun 07 14:45 : ffmpeg/mov,mp4,m4a,3gp,3g2,mj2: stream 0, timescale not set
Jun 07 14:45 : update: added /Cheap Thrills - Sia.m4a
Jun 07 14:45 : ffmpeg/mov,mp4,m4a,3gp,3g2,mj2: stream 0, timescale not set
Jun 07 14:45 : update: added /Call You Mine - The Chainsmokers.m4a
Jun 07 14:45 : update: added /Rollercoaster.mp3
Jun 07 14:45 : update: added /Rise.mp3
Jun 07 14:45 : update: added /Fearless_Pt_II.mp3
Jun 07 14:45 : update: added /Passion.mp3
Jun 07 14:45 : ffmpeg/mov,mp4,m4a,3gp,3g2,mj2: stream 0, timescale not set
Jun 07 14:45 : update: added /Linked - Jim Yosef, Anna Yvette.m4a
Jun 07 14:45 : ffmpeg/mov,mp4,m4a,3gp,3g2,mj2: stream 0, timescale not set
Jun 07 14:45 : update: added /There for You - Martin Garrix, Troye Sivan.m4a
Jun 07 14:45 : ffmpeg/mov,mp4,m4a,3gp,3g2,mj2: stream 0, timescale not set
Jun 07 14:45 : update: added /Platform 9 - Oneeva.m4a
Jun 07 14:45 : ffmpeg/mov,mp4,m4a,3gp,3g2,mj2: stream 0, timescale not set
Jun 07 14:45 : update: added /Bleed - Axol, The Tech Thieves.m4a
Jun 07 14:45 : update: added /Symphony.mp3
Jun 07 14:45 : update: added /Puzzle (VIP) - RetroVision.m4a
Jun 07 14:45 : ffmpeg/mov,mp4,m4a,3gp,3g2,mj2: stream 0, timescale not set
Jun 07 14:45 : update: added /I Miss You - Boyce Avenue.m4a
Jun 07 14:45 : ffmpeg/mov,mp4,m4a,3gp,3g2,mj2: stream 0, timescale not set
Jun 07 14:45 : update: added /Enemy (from the series Arcane League of Legends) - Imagine Dragons, Jid, Arcane, League of Legends.m4a
Jun 07 14:45 : update: added /Chasing_Stars.mp3
Jun 07 14:45 : update: added /Horizon.mp3
Jun 07 14:45 : update: added /Numb_The_Pain.mp3
Jun 07 14:45 : ffmpeg/mov,mp4,m4a,3gp,3g2,mj2: stream 0, timescale not set
Jun 07 14:45 : update: added /Venom (Music From The Motion Picture) - Eminem.m4a
Jun 07 14:45 : ffmpeg/mov,mp4,m4a,3gp,3g2,mj2: stream 0, timescale not set
Jun 07 14:45 : update: added /The Name of Life (Piano Solo Version) - Hikaru Shirosu.m4a
Jun 07 14:45 : ffmpeg/mov,mp4,m4a,3gp,3g2,mj2: stream 0, timescale not set
Jun 07 14:45 : update: added /Положение (2 Remix) - dioronabeat.m4a
Jun 07 14:45 : ffmpeg/mov,mp4,m4a,3gp,3g2,mj2: stream 0, timescale not set
Jun 07 14:45 : update: added /Niji - Masaki Suda.m4a
Jun 07 14:45 : update: added /Cradles.mp3
Jun 07 14:45 : ffmpeg/mov,mp4,m4a,3gp,3g2,mj2: stream 0, timescale not set
Jun 07 14:45 : update: added /Origin - Electric Joy Ride.m4a
Jun 07 14:45 : ffmpeg/mov,mp4,m4a,3gp,3g2,mj2: stream 0, timescale not set
Jun 07 14:45 : update: added /Filhaal2 Mohabbat - B Praak.m4a
Jun 07 14:45 : update: added /This_Time.mp3
Jun 07 14:45 : update: added /Pretty_Woman.mp3
Jun 07 14:45 : ffmpeg/mov,mp4,m4a,3gp,3g2,mj2: stream 0, timescale not set
Jun 07 14:45 : update: added /Over - Side-B, LarsM.m4a
Jun 07 14:45 : update: added /I_Was_Never_There.mp3
Jun 07 14:45 : ffmpeg/mov,mp4,m4a,3gp,3g2,mj2: stream 0, timescale not set
Jun 07 14:45 : update: added /Younger - Ruel.m4a
Jun 07 14:45 : ffmpeg/mov,mp4,m4a,3gp,3g2,mj2: stream 0, timescale not set
Jun 07 14:45 : update: added /We Don't Talk Anymore (feat Selena Gomez) - Charlie Puth.m4a
Jun 07 14:45 : update: added /Happi.mp3
Jun 07 14:45 : update: added /Mortals.mp3
Jun 07 14:45 : ffmpeg/mov,mp4,m4a,3gp,3g2,mj2: stream 0, timescale not set
Jun 07 14:45 : update: added /Say - Ruel.m4a
Jun 07 14:45 : ffmpeg/mov,mp4,m4a,3gp,3g2,mj2: stream 0, timescale not set
Jun 07 14:45 : update: added /Watch The World Burn - Paul Flint, Chris Linton.m4a
Jun 07 14:45 : ffmpeg/mov,mp4,m4a,3gp,3g2,mj2: stream 0, timescale not set
Jun 07 14:45 : update: added /Hold On - Prismo.m4a
Jun 07 14:45 : ffmpeg/mov,mp4,m4a,3gp,3g2,mj2: stream 0, timescale not set
Jun 07 14:45 : update: added /distance - Ruel.m4a
Jun 07 14:45 : update: added /Zero_Gravity.mp3
Jun 07 14:45 : ffmpeg/mov,mp4,m4a,3gp,3g2,mj2: stream 0, timescale not set
Jun 07 14:45 : update: added /After All - Elton John, Charlie Puth.m4a
Jun 07 14:45 : update: added /Throne.mp3
Jun 07 14:45 : update: added /Dance_Like.mp3
Jun 07 14:45 : ffmpeg/mov,mp4,m4a,3gp,3g2,mj2: stream 0, timescale not set
Jun 07 14:45 : update: added /Tumse Milke Dil Ka - Sonu Nigam, Sabri Brothers.m4a
Jun 07 14:45 : ffmpeg/mov,mp4,m4a,3gp,3g2,mj2: stream 0, timescale not set
Jun 07 14:45 : update: added /Kabhii Tumhhe - Javed-Mohsin, Darshan Raval.m4a
Jun 07 14:45 : ffmpeg/mov,mp4,m4a,3gp,3g2,mj2: stream 0, timescale not set
Jun 07 14:45 : update: added /Ignite - Alan Walker, Julie Bergan, K-391.m4a
Jun 07 14:45 : ffmpeg/mov,mp4,m4a,3gp,3g2,mj2: stream 0, timescale not set
Jun 07 14:45 : update: added /Bottom of the River - Delta Rae.m4a
Jun 07 14:45 : ffmpeg/mov,mp4,m4a,3gp,3g2,mj2: stream 0, timescale not set
Jun 07 14:45 : update: added /Magenta Riddim - DJ Snake.m4a
Jun 07 14:45 : update: added /Royalty.mp3
Jun 07 14:45 : ffmpeg/mov,mp4,m4a,3gp,3g2,mj2: stream 0, timescale not set
Jun 07 14:45 : update: added /Villain - OLWIK.m4a
Jun 07 14:45 : update: added /Street_Lights.mp3
Jun 07 14:45 : ffmpeg/mov,mp4,m4a,3gp,3g2,mj2: stream 0, timescale not set
Jun 07 14:45 : update: added /Saiyyan - Kailash Kher, Paresh Kamath, Naresh Kamath.m4a
Jun 07 14:45 : ffmpeg/mov,mp4,m4a,3gp,3g2,mj2: stream 0, timescale not set
Jun 07 14:45 : update: added /Don't Let Me Down - The Chainsmokers.m4a
Jun 07 14:45 : ffmpeg/mov,mp4,m4a,3gp,3g2,mj2: stream 0, timescale not set
Jun 07 14:45 : update: added /Best Song Ever - One Direction.m4a
Jun 07 14:45 : ffmpeg/mov,mp4,m4a,3gp,3g2,mj2: stream 0, timescale not set
Jun 07 14:45 : update: added /Pogiren - Mugen Rao, Prashan Sean.m4a
Jun 07 14:45 : ffmpeg/mov,mp4,m4a,3gp,3g2,mj2: Format mov,mp4,m4a,3gp,3g2,mj2 detected only with low score of 1, misdetection possible!
Jun 07 14:45 : ffmpeg/mov,mp4,m4a,3gp,3g2,mj2: moov atom not found
Jun 07 14:45 : ffmpeg/mov,mp4,m4a,3gp,3g2,mj2: stream 0, timescale not set
Jun 07 14:45 : update: added /Señorita - Shawn Mendes, Camila Cabello.m4a
Jun 07 14:45 : update: added /Evolution.mp3
Jun 07 14:45 : ffmpeg/mov,mp4,m4a,3gp,3g2,mj2: stream 0, timescale not set
Jun 07 14:45 : update: added /INDUSTRY BABY - Lil Nas X, Jack Harlow.m4a
Jun 07 14:45 : ffmpeg/mov,mp4,m4a,3gp,3g2,mj2: stream 0, timescale not set
Jun 07 14:45 : update: added /Love The Way You Lie - Eminem.m4a
Jun 07 14:45 : ffmpeg/mov,mp4,m4a,3gp,3g2,mj2: stream 0, timescale not set
Jun 07 14:45 : update: added /say it over - Ruel.m4a
Jun 07 14:45 : ffmpeg/mov,mp4,m4a,3gp,3g2,mj2: stream 0, timescale not set
Jun 07 14:45 : update: added /Machayenge - Emiway Bantai.m4a
Jun 07 14:45 : ffmpeg/mov,mp4,m4a,3gp,3g2,mj2: stream 0, timescale not set
Jun 07 14:45 : update: added /Chanda Chamke - Babul Supriyo, Jatin-Lalit, Prasoon Joshi.m4a
Jun 07 14:45 : ffmpeg/mov,mp4,m4a,3gp,3g2,mj2: stream 0, timescale not set
Jun 07 14:45 : update: added /Bhaiya Mere Rakhi - Lata Mangeshkar.m4a
Jun 07 14:45 : update: added /Bad_Apple!!_-_Japanese_Remaster.mp3
Jun 07 14:45 : update: added /Kya_Baat_Ay.mp3
Jun 07 14:45 : ffmpeg/mov,mp4,m4a,3gp,3g2,mj2: stream 0, timescale not set
Jun 07 14:45 : update: added /Woh Kisna Hai - Sukhwinder Singh, S.P. Sailaja, Ayesha Darbar.m4a
Jun 07 14:45 : update: added /Band_Aid.mp3
Jun 07 14:45 : update: added /Freeze_Me.mp3
Jun 07 14:45 : update: added /Renegade.mp3
Jun 07 14:45 : update: added /Dekhte_Dekhte.mp3
Jun 07 14:45 : ffmpeg/mov,mp4,m4a,3gp,3g2,mj2: stream 0, timescale not set
Jun 07 14:45 : update: added /Thunder - Imagine Dragons.m4a
Jun 07 14:45 : ffmpeg/mov,mp4,m4a,3gp,3g2,mj2: stream 0, timescale not set
Jun 07 14:45 : update: added /The End Is Where We Begin - Thousand Foot Krutch.m4a
Jun 07 14:45 : ffmpeg/mov,mp4,m4a,3gp,3g2,mj2: stream 0, timescale not set
Jun 07 14:45 : update: added /Light Switch - Charlie Puth.m4a
Jun 07 14:45 : ffmpeg/mov,mp4,m4a,3gp,3g2,mj2: stream 0, timescale not set
Jun 07 14:45 : update: added /Jhoomka Gira Re - Asha Bhosle.m4a
Jun 07 14:45 : ffmpeg/mov,mp4,m4a,3gp,3g2,mj2: stream 0, timescale not set
Jun 07 14:45 : update: added /Blinding Lights - The Weeknd.m4a
Jun 07 14:45 : update: added /Obedient.mp3
Jun 07 14:45 : ffmpeg/mov,mp4,m4a,3gp,3g2,mj2: stream 0, timescale not set
Jun 07 14:45 : update: added /It's My Life - Bon Jovi.m4a
Jun 07 14:45 : update: added /On.mp3
Jun 07 14:45 : update: added /Ve_Maahi.mp3
Jun 07 14:45 : ffmpeg/mov,mp4,m4a,3gp,3g2,mj2: stream 0, timescale not set
Jun 07 14:45 : update: added /You & I - One Direction.m4a
Jun 07 14:45 : update: added /Enni_Soni.mp3
Jun 07 14:45 : update: added /Omen.mp3
Jun 07 14:45 : ffmpeg/mov,mp4,m4a,3gp,3g2,mj2: stream 0, timescale not set
Jun 07 14:45 : update: added /Emosanal Attyachaar (Brass Band Version) - Amit Trivedi, Band Master Rangeela, Rasila.m4a
Jun 07 14:45 : ffmpeg/mov,mp4,m4a,3gp,3g2,mj2: stream 0, timescale not set
Jun 07 14:45 : update: added /O Haseena Zulfonwale Jane Jahan - Asha Bhosle, Mohammed Rafi.m4a
Jun 07 14:45 : ffmpeg/mov,mp4,m4a,3gp,3g2,mj2: stream 0, timescale not set
Jun 07 14:45 : update: added /Kaathalae Kaathalae (Duet) - Chinmayi Sripada, Govind Vasantha.m4a
Jun 07 14:45 : ffmpeg/mov,mp4,m4a,3gp,3g2,mj2: stream 0, timescale not set
Jun 07 14:45 : update: added /Stereo Hearts (feat Adam Levine) - Gym Class Heroes.m4a
Jun 07 14:45 : ffmpeg/mov,mp4,m4a,3gp,3g2,mj2: stream 0, timescale not set
Jun 07 14:45 : update: added /Hard Sometimes - Ruel.m4a
Jun 07 14:45 : update: added /Heartless.mp3
Jun 07 14:45 : update: added /Despacito_Featuring_Daddy_Yankee.mp3
Jun 07 14:45 : update: added /Done.mp3
Jun 07 14:45 : ffmpeg/mov,mp4,m4a,3gp,3g2,mj2: stream 0, timescale not set
Jun 07 14:45 : update: added /yellow is the color of her eyes - Soccer Mommy.m4a
Jun 07 14:45 : ffmpeg/mov,mp4,m4a,3gp,3g2,mj2: stream 0, timescale not set
Jun 07 14:45 : update: added /Love Me - Lukaz.m4a
Jun 07 14:45 : ffmpeg/mov,mp4,m4a,3gp,3g2,mj2: stream 0, timescale not set
Jun 07 14:45 : update: added /Zindagi Ka Safar - Kalyanji Anandji.m4a
Jun 07 14:45 : ffmpeg/mov,mp4,m4a,3gp,3g2,mj2: stream 0, timescale not set
Jun 07 14:45 : update: added /High On Life - Martin Garrix.m4a
Jun 07 14:45 : ffmpeg/mov,mp4,m4a,3gp,3g2,mj2: stream 0, timescale not set
Jun 07 14:45 : update: added /Starboy - The Weeknd.m4a
Jun 07 14:45 : ffmpeg/mov,mp4,m4a,3gp,3g2,mj2: Format mov,mp4,m4a,3gp,3g2,mj2 detected only with low score of 1, misdetection possible!
Jun 07 14:45 : ffmpeg/mov,mp4,m4a,3gp,3g2,mj2: moov atom not found
Jun 07 14:45 : ffmpeg/mov,mp4,m4a,3gp,3g2,mj2: stream 0, timescale not set
Jun 07 14:45 : update: added /Manike Mage Hithe - Chamath Sangeeth, Yohani, Satheeshan.m4a
Jun 07 14:45 : update: added /Superhero.mp3
Jun 07 14:45 : ffmpeg/mov,mp4,m4a,3gp,3g2,mj2: stream 0, timescale not set
Jun 07 14:45 : update: added /dirty laundry - Blackbear.m4a
Jun 07 14:45 : update: added /High__feat__Aleesia_.mp3
Jun 07 14:45 : ffmpeg/mov,mp4,m4a,3gp,3g2,mj2: stream 0, timescale not set
Jun 07 14:45 : update: added /Chookar Mere Mann Ko Kiya Tune Kya Ishara - Somnath Mali.m4a
Jun 07 14:45 : update: added /Lost.mp3
Jun 07 14:45 : ffmpeg/mov,mp4,m4a,3gp,3g2,mj2: stream 0, timescale not set
Jun 07 14:45 : update: added /Electric Feel - MGMT.m4a
Jun 07 14:45 : ffmpeg/mov,mp4,m4a,3gp,3g2,mj2: stream 0, timescale not set
Jun 07 14:45 : update: added /Khoya Hain - Neeti Mohan, Kaala Bhairava.m4a
Jun 07 14:45 : update: added /Luna.mp3
Jun 07 14:45 : ffmpeg/mov,mp4,m4a,3gp,3g2,mj2: stream 0, timescale not set
Jun 07 14:45 : update: added /Ainvayi Ainvayi - Sunidhi Chauhan, Salim-Sulaiman, Amitabh Bhattacharya.m4a
Jun 07 14:45 : ffmpeg/mov,mp4,m4a,3gp,3g2,mj2: stream 0, timescale not set
Jun 07 14:45 : update: added /Shape of You - Ed Sheeran.m4a
Jun 07 14:45 : update: added /Feelings.mp3
Jun 07 14:45 : update: added /Only_You.mp3
Jun 07 14:45 : ffmpeg/mov,mp4,m4a,3gp,3g2,mj2: stream 0, timescale not set
Jun 07 14:45 : update: added /Raahein - Shadow and Light.m4a
Jun 07 14:45 : ffmpeg/mov,mp4,m4a,3gp,3g2,mj2: stream 0, timescale not set
Jun 07 14:45 : update: added /Mere Haath Mein - Sunidhi Chauhan, Sonu Nigam, Jatin-Lalit, Prasoon Joshi.m4a
Jun 07 14:45 : ffmpeg/mov,mp4,m4a,3gp,3g2,mj2: stream 0, timescale not set
Jun 07 14:45 : update: added /Coloratura - Coldplay.m4a
Jun 07 14:45 : update: added /Station_2.mp3
Jun 07 14:45 : update: added /Phoenix.mp3
Jun 07 14:45 : ffmpeg/mov,mp4,m4a,3gp,3g2,mj2: stream 0, timescale not set
Jun 07 14:45 : update: added /Take You Dancing - Jason Derulo.m4a
Jun 07 14:45 : ffmpeg/mov,mp4,m4a,3gp,3g2,mj2: stream 0, timescale not set
Jun 07 14:45 : update: added /Saathiya - Sonu Nigam, A.R. Rahman, Gulzar.m4a
Jun 07 14:45 : update: added /What_You_Like.mp3
Jun 07 14:45 : update: added /Real_Thing.mp3
Jun 07 14:45 : ffmpeg/mov,mp4,m4a,3gp,3g2,mj2: stream 0, timescale not set
Jun 07 14:45 : update: added /Incomplete (Moombahton VIP) - Aero Chord, ANUKA, Ddark.m4a
Jun 07 14:45 : ffmpeg/mov,mp4,m4a,3gp,3g2,mj2: stream 0, timescale not set
Jun 07 14:45 : update: added /Bohemian Rhapsody - Pentatonix.m4a
Jun 07 14:45 : ffmpeg/mov,mp4,m4a,3gp,3g2,mj2: stream 0, timescale not set
Jun 07 14:45 : update: added /Painkiller - Ruel.m4a
Jun 07 14:45 : ffmpeg/mov,mp4,m4a,3gp,3g2,mj2: stream 0, timescale not set
Jun 07 14:45 : update: added /Kuyenda - Lennart Schroot, Unknown Brain, Sru.m4a
Jun 07 14:45 : ffmpeg/mov,mp4,m4a,3gp,3g2,mj2: stream 0, timescale not set
Jun 07 14:45 : update: added /GROWING UP IS _____ - Ruel.m4a
Jun 07 14:45 : update: added /Met_You.mp3
Jun 07 14:45 : update: added /Pal_Pal_Dil_Ke_Paas-_Title_Track.mp3
Jun 07 14:45 : ffmpeg/mov,mp4,m4a,3gp,3g2,mj2: stream 0, timescale not set
Jun 07 14:45 : update: added /Taake Jhanke - Amit Trivedi, Arijit Singh.m4a
Jun 07 14:45 : ffmpeg/mov,mp4,m4a,3gp,3g2,mj2: stream 0, timescale not set
Jun 07 14:45 : update: added /Ainsi bas la vida - Indila.m4a
Jun 07 14:45 : update: added /The_Cuppycake_Song.mp3
Jun 07 14:45 : update: added /Mistakes.mp3
Jun 07 14:45 : ffmpeg/mov,mp4,m4a,3gp,3g2,mj2: stream 0, timescale not set
Jun 07 14:45 : update: added /Machayenge 3 - Emiway Bantai.m4a
Jun 07 14:45 : ffmpeg/mov,mp4,m4a,3gp,3g2,mj2: stream 0, timescale not set
Jun 07 14:45 : update: added /Pubg - Zonaj.m4a
Jun 07 14:45 : update: added /Need_You.mp3
Jun 07 14:45 : update: added /Naah.mp3
Jun 07 14:45 : update: added /THE_BOX.mp3
Jun 07 14:45 : update: added /Superhero_In_My_Sleep.mp3
Jun 07 14:45 : update: added /Bhaag_DK_Bose,_Aandhi_Aayi.mp3
Jun 07 14:45 : update: added /The_Wakhra_Song.mp3
Jun 07 14:45 : update: added /Valkyrie.mp3
Jun 07 14:45 : ffmpeg/mov,mp4,m4a,3gp,3g2,mj2: stream 0, timescale not set
Jun 07 14:45 : update: added /Badi Der Bhai Nandlala - Ravi, Mohammed Rafi.m4a
Jun 07 14:45 : ffmpeg/mov,mp4,m4a,3gp,3g2,mj2: stream 0, timescale not set
Jun 07 14:45 : update: added /Life Goes On - Oliver T.m4a
Jun 07 14:45 : ffmpeg/mov,mp4,m4a,3gp,3g2,mj2: stream 0, timescale not set
Jun 07 14:45 : update: added /So Far Away - Martin Garrix, David Guetta.m4a
Jun 07 14:45 : ffmpeg/mov,mp4,m4a,3gp,3g2,mj2: stream 0, timescale not set
Jun 07 14:45 : update: added /What Lovers Do - Boyce Avenue.m4a
Jun 07 14:45 : update: added /Baarish_Ki_Jaaye.mp3
Jun 07 14:45 : ffmpeg/mov,mp4,m4a,3gp,3g2,mj2: stream 0, timescale not set
Jun 07 14:45 : update: added /Night Shines - Electro-Light.m4a
Jun 07 14:45 : ffmpeg/mov,mp4,m4a,3gp,3g2,mj2: stream 0, timescale not set
Jun 07 14:45 : update: added /Firse Machayenge - Emiway Bantai.m4a
Jun 07 14:45 : ffmpeg/mov,mp4,m4a,3gp,3g2,mj2: stream 0, timescale not set
Jun 07 14:45 : update: added /What Makes You Beautiful - One Direction.m4a
Jun 07 14:45 : ffmpeg/mov,mp4,m4a,3gp,3g2,mj2: stream 0, timescale not set
Jun 07 14:45 : update: added /Radiate - ElementD, Chordinatez, Mees van den Berg.m4a
Jun 07 14:45 : update: added /Higher.mp3
Jun 07 14:45 : ffmpeg/mov,mp4,m4a,3gp,3g2,mj2: stream 0, timescale not set
Jun 07 14:45 : update: added /Attention - Charlie Puth.m4a
Jun 07 14:45 : ffmpeg/mov,mp4,m4a,3gp,3g2,mj2: stream 0, timescale not set
Jun 07 14:45 : update: added /Holding You - Unknown Brain, Spce Cadex, Max Landry.m4a
Jun 07 14:45 : ffmpeg/mov,mp4,m4a,3gp,3g2,mj2: stream 0, timescale not set
Jun 07 14:45 : update: added /Pressure - Martin Garrix.m4a
Jun 07 14:45 : ffmpeg/mov,mp4,m4a,3gp,3g2,mj2: stream 0, timescale not set
Jun 07 14:45 : update: added /Never Gonna Give You Up - Rick Astley.m4a
Jun 07 14:45 : update: added /Looking_For_More.mp3
Jun 07 14:45 : ffmpeg/mov,mp4,m4a,3gp,3g2,mj2: stream 0, timescale not set
Jun 07 14:45 : update: added /Iris - FriendZone.m4a
Jun 07 14:45 : ffmpeg/mov,mp4,m4a,3gp,3g2,mj2: stream 0, timescale not set
Jun 07 14:45 : update: added /Havana - Camila Cabello.m4a
Jun 07 14:45 : ffmpeg/mov,mp4,m4a,3gp,3g2,mj2: stream 0, timescale not set
Jun 07 14:45 : update: added /Let the Sparks Fly - Thousand Foot Krutch.m4a
Jun 07 14:45 : ffmpeg/mov,mp4,m4a,3gp,3g2,mj2: stream 0, timescale not set
Jun 07 14:45 : update: added /Face To Face - Ruel.m4a
Jun 07 14:45 : ffmpeg/mov,mp4,m4a,3gp,3g2,mj2: stream 0, timescale not set
Jun 07 14:45 : update: added /Darkhaast - Mithoon, Arijit Singh, Sunidhi Chauhan.m4a
Jun 07 14:45 : ffmpeg/mov,mp4,m4a,3gp,3g2,mj2: stream 0, timescale not set
Jun 07 14:45 : update: added /Pretty Girl - Layla Scott.m4a
Jun 07 14:45 : ffmpeg/mov,mp4,m4a,3gp,3g2,mj2: stream 0, timescale not set
Jun 07 14:45 : update: added /Alone, Pt II - Alan Walker, Ava Max.m4a
Jun 07 14:45 : ffmpeg/mov,mp4,m4a,3gp,3g2,mj2: stream 0, timescale not set
Jun 07 14:45 : update: added /Radha Kaise Na Jale - AR Rahman, Asha Bhosle, Udit Narayan, Vaishali Samant.m4a
Jun 07 14:45 : ffmpeg/mov,mp4,m4a,3gp,3g2,mj2: stream 0, timescale not set
Jun 07 14:45 : update: added /Manzar Hai Ye Naya - Shantanu Sudame, Shashwat Sachdev.m4a
Jun 07 14:45 : ffmpeg/mov,mp4,m4a,3gp,3g2,mj2: stream 0, timescale not set
Jun 07 14:45 : update: added /STAY - The Kid Laroi, Justin Bieber.m4a
Jun 07 14:45 : update: added /The_End_Of_The_Innocence.mp3
Jun 07 14:45 : ffmpeg/mov,mp4,m4a,3gp,3g2,mj2: stream 0, timescale not set
Jun 07 14:45 : update: added /Dazed & Confused - Ruel.m4a
Jun 07 14:45 : ffmpeg/mov,mp4,m4a,3gp,3g2,mj2: stream 0, timescale not set
Jun 07 14:45 : update: added /MONTERO (Call Me By Your Name) - Lil Nas X.m4a
Jun 07 14:45 : update: added /Save_Your_Tears.mp3
Jun 07 14:45 : update: added /You___I.mp3
Jun 07 14:45 : ffmpeg/mov,mp4,m4a,3gp,3g2,mj2: stream 0, timescale not set
Jun 07 14:45 : update: added /Cetus - Lensko.m4a
Jun 07 14:45 : update: added /Backbone.mp3
Jun 07 14:45 : update: added /Royalty___Wiguez___Alltair_Remix.mp3
Jun 07 14:45 : ffmpeg/mov,mp4,m4a,3gp,3g2,mj2: stream 0, timescale not set
Jun 07 14:45 : update: added /Low (feat T-Pain) - Flo Rida.m4a
Jun 07 14:45 : ffmpeg/mov,mp4,m4a,3gp,3g2,mj2: stream 0, timescale not set
Jun 07 14:45 : update: added /Patola - Guru Randhawa, Bohemia.m4a
Jun 07 14:45 : update: added /Vision_pt__II.mp3
Jun 07 14:45 : ffmpeg/mov,mp4,m4a,3gp,3g2,mj2: stream 0, timescale not set
Jun 07 14:45 : update: added /Panda - Itro.m4a
Jun 07 14:45 : ffmpeg/mov,mp4,m4a,3gp,3g2,mj2: stream 0, timescale not set
Jun 07 14:45 : update: added /Sugar & Brownies - DHARIA.m4a
Jun 07 14:45 : ffmpeg/mov,mp4,m4a,3gp,3g2,mj2: stream 0, timescale not set
Jun 07 14:45 : update: added /Jigra - Siddharth Basrur, Dev Negi, Shashwat Sachdev.m4a
Jun 07 14:45 : ffmpeg/mov,mp4,m4a,3gp,3g2,mj2: stream 0, timescale not set
Jun 07 14:45 : update: added /Kaun Hain Voh - Kailash Kher, Mounima Ch.m4a
Jun 07 14:45 : ffmpeg/mov,mp4,m4a,3gp,3g2,mj2: stream 0, timescale not set
Jun 07 14:45 : update: added /Alfred’s Theme - Eminem.m4a
Jun 07 14:45 : ffmpeg/mov,mp4,m4a,3gp,3g2,mj2: stream 0, timescale not set
Jun 07 14:45 : update: added /Fade - Alan Walker.m4a
Jun 07 14:45 : ffmpeg/mov,mp4,m4a,3gp,3g2,mj2: stream 0, timescale not set
Jun 07 14:45 : update: added /Let It Go - Frozen.m4a
Jun 07 14:45 : update: added /Father.mp3
Jun 07 14:45 : ffmpeg/mov,mp4,m4a,3gp,3g2,mj2: stream 0, timescale not set
Jun 07 14:45 : update: added /See The Way - The Chainsmokers.m4a
Jun 07 14:45 : update: added /IHATEMETOO.mp3
Jun 07 14:45 : update: added /The_Real_Slim_Shady.mp3
Jun 07 14:45 : ffmpeg/mov,mp4,m4a,3gp,3g2,mj2: stream 0, timescale not set
Jun 07 14:45 : update: added /Sayonee - Junoon.m4a
Jun 07 14:45 : ffmpeg/mov,mp4,m4a,3gp,3g2,mj2: stream 0, timescale not set
Jun 07 14:45 : update: added /Turn up the Radio - Ok Go.m4a
Jun 07 14:45 : ffmpeg/mov,mp4,m4a,3gp,3g2,mj2: stream 0, timescale not set
Jun 07 14:45 : update: added /Rap God - Eminem.m4a
Jun 07 14:45 : ffmpeg/mov,mp4,m4a,3gp,3g2,mj2: stream 0, timescale not set
Jun 07 14:45 : update: added /Infinity - One Direction.m4a
Jun 07 14:45 : ffmpeg/mov,mp4,m4a,3gp,3g2,mj2: stream 0, timescale not set
Jun 07 14:45 : update: added /On My Way - Alan Walker, Sabrina Carpenter, Farruko.m4a
Jun 07 14:45 : update: added /Atrangi_Yaari.mp3
Jun 07 14:45 : update: added /Invincible_Pt__II.mp3
Jun 07 14:45 : update: added /Shaitan_Ka_Saala_From_Housefull_4.mp3
Jun 07 14:45 : ffmpeg/mov,mp4,m4a,3gp,3g2,mj2: stream 0, timescale not set
Jun 07 14:45 : update: added /too many feelings - Ruel.m4a
Jun 07 14:45 : update: added /Daydream.mp3
Jun 07 14:45 : ffmpeg/mov,mp4,m4a,3gp,3g2,mj2: stream 0, timescale not set
Jun 07 14:45 : update: added /Dekho Na - Sunidhi Chauhan, Sonu Nigam, Jatin-Lalit, Prasoon Joshi.m4a
Jun 07 14:45 : ffmpeg/mov,mp4,m4a,3gp,3g2,mj2: stream 0, timescale not set
Jun 07 14:45 : update: added /Crest - Codeko.m4a
Jun 07 14:45 : update: added /Legend.mp3
Jun 07 14:45 : ffmpeg/mov,mp4,m4a,3gp,3g2,mj2: stream 0, timescale not set
Jun 07 14:45 : update: added /Higher Power - Coldplay.m4a
Jun 07 14:45 : ffmpeg/mov,mp4,m4a,3gp,3g2,mj2: stream 0, timescale not set
Jun 07 14:45 : update: added /Just Stay - Beatcore, Ashley Apollodor.m4a
Jun 07 14:45 : update: added /Speakerbox_feat_Lafa_Taylor.mp3
Jun 07 14:45 : ffmpeg/mov,mp4,m4a,3gp,3g2,mj2: stream 0, timescale not set
Jun 07 14:45 : update: added /Bheegi Bheegi - Pritam, James.m4a
Jun 07 14:45 : ffmpeg/mov,mp4,m4a,3gp,3g2,mj2: stream 0, timescale not set
Jun 07 14:45 : update: added /Love Someone - Lukas Graham.m4a
Jun 07 14:45 : ffmpeg/mov,mp4,m4a,3gp,3g2,mj2: stream 0, timescale not set
Jun 07 14:45 : update: added /Steal My Girl - One Direction.m4a
Jun 07 14:45 : update: added /Biology.mp3
Jun 07 14:45 : update: added /On_&_On.mp3
Jun 07 14:45 : ffmpeg/mov,mp4,m4a,3gp,3g2,mj2: stream 0, timescale not set
Jun 07 14:45 : update: added /Birthday - Anne-Marie.m4a
Jun 07 14:45 : ffmpeg/mov,mp4,m4a,3gp,3g2,mj2: stream 0, timescale not set
Jun 07 14:45 : update: added /Takeaway - The Chainsmokers, Illenium.m4a
Jun 07 14:45 : ffmpeg/mov,mp4,m4a,3gp,3g2,mj2: stream 0, timescale not set
Jun 07 14:45 : update: added /Drag Me Down - One Direction.m4a
Jun 07 14:45 : ffmpeg/mov,mp4,m4a,3gp,3g2,mj2: stream 0, timescale not set
Jun 07 14:45 : update: added /Take My Breath - The Weeknd.m4a
Jun 07 14:45 : ffmpeg/mov,mp4,m4a,3gp,3g2,mj2: stream 0, timescale not set
Jun 07 14:45 : update: added /Do You Mean - The Chainsmokers.m4a
Jun 07 14:45 : update: added /Ropes.mp3
Jun 07 14:45 : update: added /U.mp3
Jun 07 14:45 : update: added /Mr__Bully.mp3
Jun 07 14:45 : ffmpeg/mov,mp4,m4a,3gp,3g2,mj2: stream 0, timescale not set
Jun 07 14:45 : update: added /You Right - Doja Cat, The Weeknd.m4a
Jun 07 14:45 : ffmpeg/mov,mp4,m4a,3gp,3g2,mj2: stream 0, timescale not set
Jun 07 14:45 : update: added /Paradise - Alan Walker, K-391, Boy In Space.m4a
Jun 07 14:45 : update: added /FOR_YOU.mp3
Jun 07 14:45 : ffmpeg/mov,mp4,m4a,3gp,3g2,mj2: stream 0, timescale not set
Jun 07 14:45 : update: added /House Of Balloons Glass Table Girls (Original) - The Weeknd.m4a
Jun 07 14:45 : ffmpeg/mov,mp4,m4a,3gp,3g2,mj2: stream 0, timescale not set
Jun 07 14:45 : update: added /The Way You Make Me Feel (Remastered Version) - Michael Jackson.m4a
Jun 07 14:45 : ffmpeg/mov,mp4,m4a,3gp,3g2,mj2: stream 0, timescale not set
Jun 07 14:45 : update: added /Malhari - Vishal Dadlani, Sanjay Leela Bhansali.m4a
Jun 07 14:45 : update: added /Drift.mp3
Jun 07 14:45 : update: added /A_Song_About_You.mp3
Jun 07 14:45 : update: added /Control.mp3
Jun 07 14:45 : ffmpeg/mov,mp4,m4a,3gp,3g2,mj2: stream 0, timescale not set
Jun 07 14:45 : update: added /Runaway (Culture Code Remix) - Halcyon, Valentina Franco.m4a
Jun 07 14:45 : ffmpeg/mov,mp4,m4a,3gp,3g2,mj2: stream 0, timescale not set
Jun 07 14:45 : update: added /Fashion - Guru Randhawa.m4a
Jun 07 14:45 : ffmpeg/mov,mp4,m4a,3gp,3g2,mj2: stream 0, timescale not set
Jun 07 14:45 : update: added /Chand Sifarish - Shaan, Kailash Kher, Jatin-Lalit, Prasoon Joshi.m4a
Jun 07 14:45 : update: added /My_Name_Is_Thunder.mp3
Jun 07 14:45 : ffmpeg/mov,mp4,m4a,3gp,3g2,mj2: stream 0, timescale not set
Jun 07 14:45 : update: added /Godzilla - Eminem.m4a
Jun 07 14:45 : ffmpeg/mov,mp4,m4a,3gp,3g2,mj2: stream 0, timescale not set
Jun 07 14:45 : update: added /Still DRE - Dr Dre.m4a
Jun 07 14:45 : ffmpeg/mov,mp4,m4a,3gp,3g2,mj2: Format mov,mp4,m4a,3gp,3g2,mj2 detected only with low score of 1, misdetection possible!
Jun 07 14:45 : ffmpeg/mov,mp4,m4a,3gp,3g2,mj2: moov atom not found
Jun 07 14:45 : ffmpeg/mov,mp4,m4a,3gp,3g2,mj2: stream 0, timescale not set
Jun 07 14:45 : update: added /Young Ones - Johnny Third.m4a
Jun 07 14:45 : update: added /Dil_Mere.mp3
Jun 07 14:45 : update: added /Like_This.mp3
Jun 07 14:45 : ffmpeg/mov,mp4,m4a,3gp,3g2,mj2: stream 0, timescale not set
Jun 07 14:45 : update: added /Pasoori - Shae Gill, Ali Sethi.m4a
Jun 07 14:45 : update: added /Heart.mp3
Jun 07 14:45 : update: added /Grow.mp3
Jun 07 14:45 : ffmpeg/mov,mp4,m4a,3gp,3g2,mj2: stream 0, timescale not set
Jun 07 14:45 : update: added /One Kiss - Calvin Harris, Dua Lipa.m4a
Jun 07 14:45 : ffmpeg/mov,mp4,m4a,3gp,3g2,mj2: stream 0, timescale not set
Jun 07 14:45 : update: added /Night Changes - One Direction.m4a
Jun 07 14:45 : ffmpeg/mov,mp4,m4a,3gp,3g2,mj2: stream 0, timescale not set
Jun 07 14:45 : update: added /Mera Mann Kehne Laga - Falak Shabir.m4a
Jun 07 14:45 : ffmpeg/mov,mp4,m4a,3gp,3g2,mj2: stream 0, timescale not set
Jun 07 14:45 : update: added /Be Somebody - Thousand Foot Krutch.m4a
Jun 07 14:45 : update: added /Wounds.mp3
Jun 07 14:45 : ffmpeg/mov,mp4,m4a,3gp,3g2,mj2: stream 0, timescale not set
Jun 07 14:45 : update: added /Tunak Tunak Tun - Daler Mehndi.m4a
Jun 07 14:45 : update: added /Together.mp3
Jun 07 14:45 : update: added /Shivers.mp3
Jun 07 14:45 : update: added /Destiny.mp3
Jun 07 14:45 : update: added /Heroes_Tonight.mp3
Jun 07 14:45 : ffmpeg/mov,mp4,m4a,3gp,3g2,mj2: stream 0, timescale not set
Jun 07 14:45 : update: added /Main Dhoondne Ko Zamaane Mein - Gaurav Dagaonkar, Arijit Singh.m4a
Jun 07 14:45 : ffmpeg/mov,mp4,m4a,3gp,3g2,mj2: stream 0, timescale not set
Jun 07 14:45 : update: added /Dusk - Syndec, Tobu.m4a
Jun 07 14:45 : ffmpeg/mov,mp4,m4a,3gp,3g2,mj2: stream 0, timescale not set
Jun 07 14:45 : update: added /Chookar Mere Mann Ko Kiya Tune Kya Ishara - Somnath Mali (1).m4a
Jun 07 14:45 : ffmpeg/mov,mp4,m4a,3gp,3g2,mj2: stream 0, timescale not set
Jun 07 14:45 : update: added /Raataan Lambiyan - Tanishk Bagchi, Jubin Nautiyal, Asees Kaur.m4a
Jun 07 14:45 : update: added /ジェリーフィッシュ (feat. ローラーガール)【MEiSTER】.mp3
Jun 07 14:45 : ffmpeg/mov,mp4,m4a,3gp,3g2,mj2: stream 0, timescale not set
Jun 07 14:45 : update: added /Real Thing - Ruel.m4a
Jun 07 14:45 : update: added /Why_We_Lose.mp3
Jun 07 14:45 : ffmpeg/mov,mp4,m4a,3gp,3g2,mj2: stream 0, timescale not set
Jun 07 14:45 : update: added /Fortnite Song - Zonaj.m4a
Jun 07 14:45 : ffmpeg/mov,mp4,m4a,3gp,3g2,mj2: stream 0, timescale not set
Jun 07 14:45 : update: added /This Life - OLWIK.m4a
Jun 07 14:45 : update: added /Piya_Aaye_Na.mp3
Jun 07 14:45 : update: added /Teri_Mitti.mp3
Jun 07 14:45 : update: added /A_New_Adventure.mp3
Jun 07 14:45 : update: added /Nock_Em.mp3
Jun 07 14:45 : ffmpeg/mov,mp4,m4a,3gp,3g2,mj2: stream 0, timescale not set
Jun 07 14:45 : update: added /Khaab - Akhil.m4a
Jun 07 14:45 : update: added /Bring_Me_The_Light.mp3
Jun 07 14:45 : ffmpeg/mov,mp4,m4a,3gp,3g2,mj2: stream 0, timescale not set
Jun 07 14:45 : update: added /Aurora - K-391, RØRY.m4a
Jun 07 14:45 : update: added /Enni_Soni_From_Saaho.mp3
Jun 07 14:45 : update: added /Stay.mp3
Jun 07 14:45 : ffmpeg/mov,mp4,m4a,3gp,3g2,mj2: stream 0, timescale not set
Jun 07 14:45 : update: added /We Don't Talk Anymore (feat Selena Gomez) (Mr Collipark Remix) - Charlie Puth.m4a
Jun 07 14:45 : update: added /Left_Me_Blind.mp3
Jun 07 14:45 : ffmpeg/mov,mp4,m4a,3gp,3g2,mj2: stream 0, timescale not set
Jun 07 14:45 : update: added /Bitter Sweet Symphony - Boyce Avenue.m4a
Jun 07 14:45 : ffmpeg/mov,mp4,m4a,3gp,3g2,mj2: stream 0, timescale not set
Jun 07 14:45 : update: added /Infinity - Jaymes Young.m4a
Jun 07 14:45 : ffmpeg/mov,mp4,m4a,3gp,3g2,mj2: stream 0, timescale not set
Jun 07 14:45 : update: added /Bohemian Rhapsody (Remastered 2011) - Queen.m4a
Jun 07 14:45 : update: added /Jee_Karr_Daa.mp3
Jun 07 14:45 : ffmpeg/mov,mp4,m4a,3gp,3g2,mj2: stream 0, timescale not set
Jun 07 14:45 : update: added /Badan Pe Sitare Lapete Huye - Mohammed Rafi, Shankar-Jaikishan.m4a
Jun 07 14:45 : ffmpeg/mov,mp4,m4a,3gp,3g2,mj2: stream 0, timescale not set
Jun 07 14:45 : update: added /Time Alone With You - Jacob Collier.m4a
Jun 07 14:45 : ffmpeg/mov,mp4,m4a,3gp,3g2,mj2: stream 0, timescale not set
Jun 07 14:45 : update: added /Nashe Si Chadh Gayi - Arijit Singh, Vishal & Shekhar, Jaideep Sahni.m4a
Jun 07 14:45 : ffmpeg/mov,mp4,m4a,3gp,3g2,mj2: stream 0, timescale not set
Jun 07 14:45 : update: added /Toh Phir Aao - Mustafa Zahid.m4a
Jun 07 14:47 : player: played "Legend.mp3"
